         w _ITM_deregisterTMCloneTable
         w _ITM_registerTMCloneTable
         w __deregister_frame_info
         w __register_frame_info
00000000 b .LANCHOR1
00000000 b _TLS_MODULE_BASE_
00000000 00000401 b __fixedpath
00000000 a shift
00000000 a shift
00000404 b .LANCHOR3
00000404 00000802 b __utf16path
00000c08 b .LANCHOR5
00000c08 00000802 b __utf16path_old.8577
00100000 A __start__
00100000 T _start
00100008 T __service_ptr
0010000c T __apt_appid
00100010 T __heap_size
00100014 T __linear_heap_size
00100018 T __system_arglist
0010001c T __system_runflags
00100020 t startup
00100058 t ClearMem
0010006c t ClrLoop
00100094 T _init
001000ac T initSystem
001000f0 T __ctru_exit
00100110 T __aeabi_idiv
00100110 00000220 T __divsi3
00100118 t .divsi3_skip_div0_test
00100330 00000020 T __aeabi_idivmod
00100350 00000004 W __aeabi_idiv0
00100350 00000004 W __aeabi_ldiv0
00100354 T __aeabi_uldivmod
001003a8 00000390 T strcmp
00100730 t .udivsi3_skip_div0_test
00100730 T __aeabi_uidiv
00100730 000001ec T __udivsi3
0010091c 00000020 T __aeabi_uidivmod
0010093c T __aeabi_drsub
00100944 000002b0 T __aeabi_dsub
00100944 000002b0 T __subdf3
00100948 000002ac T __adddf3
00100948 000002ac T __aeabi_dadd
00100bf4 00000024 T __aeabi_ui2d
00100bf4 00000024 T __floatunsidf
00100c18 00000028 T __aeabi_i2d
00100c18 00000028 T __floatsidf
00100c40 00000048 T __aeabi_f2d
00100c40 00000048 T __extendsfdf2
00100c88 00000074 T __aeabi_ul2d
00100c88 00000074 T __floatundidf
00100c9c 00000060 T __aeabi_l2d
00100c9c 00000060 T __floatdidf
00100cfc t deregister_tm_clones
00100d28 t register_tm_clones
00100d60 t __do_global_dtors_aux
00100da4 t frame_dummy
00100dd8 00000328 T main
00101100 000001b8 T consoleDrawChar
001012b8 00000124 T consolePrintChar
001013dc 00000164 t consoleCls
00101540 00000104 T consoleInit
00101644 00000114 t consoleClearLine
00101758 000000c4 t newRow
0010181c 000007b8 T con_write
00101fd4 0000008c t gfxSetFramebufferInfo.part.0
00102060 0000006c t gfxSetFramebufferInfo
001020cc 00000058 t gfxGetFramebuffer.part.1
00102124 00000018 T __get_bytes_per_pixel
0010213c 00000184 T gfxSetScreenFormat
001022c0 00000010 T gfxSetDoubleBuffering
001022d0 00000210 T gfxInit
001024e0 00000010 T gfxInitDefault
001024f0 000000e0 T gfxExit
001025d0 00000060 T gfxGetFramebuffer
00102630 000000cc T gfxFlushBuffers
001026fc 000000f8 T gfxConfigScreen
001027f4 00000020 T gfxSwapBuffers
00102814 00000020 T gfxSwapBuffersGpu
00102834 00000074 T gspInit
001028a8 0000003c T gspExit
001028e4 000000a0 T gspInitEventHandler
00102984 00000040 T gspExitEventHandler
001029c4 00000044 T gspWaitForEvent
00102a08 00000004 W gxCmdQueueInterrupt
00102a0c 00000178 t gspEventThreadMain
00102b84 0000006c T GSPGPU_SetBufferSwap
00102bf0 0000004c T GSPGPU_FlushDataCache
00102c3c 00000034 T GSPGPU_SetLcdForceBlack
00102c70 00000064 T GSPGPU_RegisterInterruptRelayQueue
00102cd4 0000002c T GSPGPU_UnregisterInterruptRelayQueue
00102d00 00000048 T GSPGPU_AcquireRight
00102d48 0000002c T GSPGPU_ReleaseRight
00102d74 00000080 T GSPGPU_ImportDisplayCaptureInfo
00102df4 0000002c T GSPGPU_SaveVramSysArea
00102e20 0000002c T GSPGPU_RestoreVramSysArea
00102e4c 00000004 W _aptDebug
00102e50 00000170 T aptSendCommand
00102fc0 0000003c t aptExitProcess
00102ffc 0000004c T APT_InquireNotification
00103048 00000198 t aptEventHandler
001031e0 00000074 T APT_AppletUtility
00103254 000000b0 T aptSetSleepAllowed
00103304 000000b0 T APT_GlanceParameter
001033b4 000000c4 T APT_ReceiveParameter
00103478 000000bc t aptReceiveParameter.constprop.0
00103538 000001e0 t aptScreenTransfer
00103718 00000210 t aptWaitForWakeUp
00103928 00000070 T APT_CancelParameter
00103998 0000025c T aptInit
00103bf4 00000088 t aptClearParamQueue
00103c7c 00000208 T aptMainLoop
00103e88 0000023c T aptExit
001040c4 0000007c T APT_CheckNew3DS
00104140 00000028 t hidCheckSectionUpdateTime.part.0
00104168 000000d0 T hidExit
00104238 00000210 T hidScanInput
00104448 00000010 T hidKeysDown
00104458 00000090 T HIDUSER_GetHandles
001044e8 000001a4 T hidInit
0010468c 00000038 W __libctru_init
001046c4 00000038 t __libctru_nanosleep
001046fc 00000030 t __ctru_get_reent
0010472c 000000fc T __system_initSyscalls
00104828 00000104 W __system_allocateHeaps
0010492c 000000f0 T __system_initArgv
00104a1c T svcControlMemory
00104a3c T svcExitProcess
00104a44 T svcCreateThread
00104a64 T svcExitThread
00104a6c T svcSleepThread
00104a74 T svcReleaseMutex
00104a7c T svcCreateEvent
00104a90 T svcSignalEvent
00104a98 T svcClearEvent
00104aa0 T svcMapMemoryBlock
00104aa8 T svcUnmapMemoryBlock
00104ab0 T svcCreateAddressArbiter
00104ac4 T svcArbitrateAddress
00104adc T svcCloseHandle
00104ae4 T svcWaitSynchronization
00104aec T svcWaitSynchronizationN
00104b14 T svcDuplicateHandle
00104b28 T svcGetSystemTick
00104b30 T svcGetSystemInfo
00104b48 T svcConnectToPort
00104b5c T svcSendSyncRequest
00104b64 T svcBreak
00104b6c 00000024 t addrMapNodeComparator(rbtree_node const*, rbtree_node const*)
00104b90 00000004 t addrMapNodeDestructor(rbtree_node*)
00104b94 00000110 T vramMemAlign
00104ca4 00000008 T vramAlloc
00104cac 00000050 T vramFree
00104cfc 00000024 t addrMapNodeComparator(rbtree_node const*, rbtree_node const*)
00104d20 00000004 t addrMapNodeDestructor(rbtree_node*)
00104d24 000000e4 T mappableAlloc
00104e08 00000050 T mappableFree
00104e58 00000024 t addrMapNodeComparator(rbtree_node const*, rbtree_node const*)
00104e7c 00000004 t addrMapNodeDestructor(rbtree_node*)
00104e80 0000011c T linearMemAlign
00104f9c 00000008 T linearAlloc
00104fa4 00000050 T linearFree
00104ff4 00000090 T MemPool::CoalesceRight(MemBlock*)
00105084 00000174 T MemPool::Allocate(MemChunk&, unsigned long, int)
001051f8 000000fc T MemPool::Deallocate(MemChunk const&)
001052f4 00000038 t LightLock_Unlock.part.1
0010532c 0000000c T __sync_init
00105338 00000018 T __sync_fini
00105350 00000010 T __sync_get_arbiter
00105360 00000018 T LightLock_Init
00105378 0000009c T LightLock_Lock
00105414 00000034 T LightLock_TryLock
00105448 00000020 T LightLock_Unlock
00105468 00000024 T RecursiveLock_Init
0010548c 00000030 T RecursiveLock_Lock
001054bc 00000058 T RecursiveLock_TryLock
00105514 00000038 T RecursiveLock_Unlock
0010554c 00000038 T LightEvent_Init
00105584 0000007c T LightEvent_Clear
00105600 000000dc T LightEvent_Signal
001056dc 000000c0 T LightEvent_Wait
0010579c 00000058 t getSysTime
001057f4 00000028 t __ctru_speedup_config.part.0
0010581c 00000024 T osGetMemRegionUsed
00105840 00000128 T __libctru_gtod
00105968 00000018 T __ctru_speedup_config
00105980 00000058 T srvExit
001059d8 00000038 T srvRegisterClient
00105a10 000000c8 T srvInit
00105ad8 00000080 T srvGetServiceHandleDirect
00105b58 00000038 T srvGetServiceHandle
00105b90 0000001c t threadFree.part.0
00105bac 00000194 T threadCreate
00105d40 00000024 T threadJoin
00105d64 00000068 T threadExit
00105dcc 00000048 t _thread_begin
00105e14 000000ac T irrstScanInput
00105ec0 00000024 T irrstKeysHeld
00105ee4 00000050 T IRRST_GetHandles
00105f34 00000154 T irrstInit
00106088 0000002c T IRRST_Shutdown
001060b4 000000ac T irrstExit
00106160 0000000c T srvPmGetSessionHandle
0010616c 00000074 T ptmSysmInit
001061e0 0000003c T ptmSysmExit
0010621c 00000034 T PTMSYSM_ConfigureNew3DSCPU
00106250 00000014 T rbtree_init
00106264 0000018c t do_insert
001063f0 00000008 T rbtree_insert
001063f8 00000090 T rbtree_rotate
00106488 00000330 T rbtree_remove
001067b8 00000074 T rbtree_find
0010682c 0000001c W __appInit
00106848 0000001c W __appExit
00106864 000000a0 W __libctru_exit
00106904 00000080 T envGetHandle
00106984 0000004c T envDestroyHandles
001069d0 00000010 t sdmc_link
001069e0 00000010 t sdmc_dirreset
001069f0 00000010 t sdmc_chmod
00106a00 00000024 t error_cmp
00106a24 00000050 t sdmc_translate_error
00106a74 00000034 t sdmc_fsync
00106aa8 00000054 t sdmc_ftruncate
00106afc 000000b8 t sdmc_statvfs
00106bb4 00000038 t sdmc_dirclose
00106bec 0000012c t sdmc_dirnext
00106d18 00000034 t sdmc_close
00106d4c 00000074 t sdmc_fstat
00106dc0 000000d8 t sdmc_seek
00106e98 00000084 t sdmc_read
00106f1c 000000c0 t sdmc_write
00106fdc 000001b0 t sdmc_utf16path
0010718c 00000074 t sdmc_rmdir
00107200 000000a4 t sdmc_diropen
001072a4 000000b0 t sdmc_chdir
00107354 00000094 t sdmc_mkdir
001073e8 00000108 t sdmc_rename
001074f0 00000074 t sdmc_unlink
00107564 00000108 t sdmc_stat
0010766c 00000198 t sdmc_open
00107804 00000010 t sdmc_fchmod
00107814 00000168 T sdmcInit
0010797c 00000060 T sdmcExit
001079dc 00000028 t fsSessionForArchive.part.0
00107a04 000000c4 T fsInit
00107ac8 0000003c T fsExit
00107b04 00000064 T fsExemptFromSession
00107b68 00000054 T fsUnexemptFromSession
00107bbc 000000bc T FSUSER_OpenFile
00107c78 000000a4 T FSUSER_DeleteFile
00107d1c 000000dc T FSUSER_RenameFile
00107df8 000000a4 T FSUSER_DeleteDirectory
00107e9c 000000bc T FSUSER_CreateFile
00107f58 000000ac T FSUSER_CreateDirectory
00108004 000000dc T FSUSER_RenameDirectory
001080e0 000000a0 T FSUSER_OpenDirectory
00108180 00000098 T FSUSER_OpenArchive
00108218 00000070 T FSUSER_CloseArchive
00108288 00000078 T FSUSER_GetSdmcArchiveResource
00108300 00000064 T FSUSER_IsSdmcWritable
00108364 00000058 T FSFILE_Read
001083bc 00000064 T FSFILE_Write
00108420 00000038 T FSFILE_GetSize
00108458 00000028 T FSFILE_SetSize
00108480 0000003c T FSFILE_Close
001084bc 00000024 T FSFILE_Flush
001084e0 00000054 T FSDIR_Read
00108534 0000003c T FSDIR_Close
00108570 00000078 T rbtree_node_next
001085e8 000000c0 T utf8_to_utf16
001086a8 00000138 T decode_utf8
001087e0 000000e8 T utf16_to_utf8
001088c8 T __aeabi_read_tp
001088d4 00000068 T encode_utf16
0010893c 00000104 T encode_utf8
00108a40 00000060 T decode_utf16
00108aa0 0000002c T __aeabi_d2lz
00108aa0 0000002c T __fixdfdi
00108ad0 00000040 T __aeabi_d2ulz
00108ad0 00000040 T __fixunsdfdi
00108b10 00000128 T __udivmoddi4
00108c38 0000007c T bsearch
00108cb4 00000040 T __libc_fini_array
00108cf4 0000007c T __libc_init_array
00108d70 00000020 T memalign
00108d90 0000014c T _memalign_r
00108edc 00000018 T malloc
00108ef4 00000018 T free
00108f0c 000007d8 T _malloc_r
001096e4 00000100 T memchr
001097e4 00000118 T memcpy
001098fc 00000114 T memset
00109a10 0000000c T __malloc_lock
00109a1c 0000000c T __malloc_unlock
00109a28 00000038 T printf
00109a60 0000025c T setvbuf
00109cbc 00000074 T sscanf
00109d30 0000003c T __sread
00109d6c 00000008 T __seofread
00109d74 00000068 T __swrite
00109ddc 00000048 T __sseek
00109e24 00000008 T __sclose
00109e2c 0000005c T strlen
00109e88 00000098 T strncat
00109f20 000000e0 T strncpy
0010a000 0000005c T strnlen
0010a05c 00000048 t get_arg
0010a0a4 00002acc T __ssvfscanf_r
0010cb70 00000034 T __sprint_r
0010cba4 00000620 t get_arg
0010d1c8 0000373c T _vfprintf_r
00110904 000000d0 t __sbprintf
001109d4 00000054 T _wcrtomb_r
00110a28 00000020 T _wcsrtombs_r
00110a48 00000150 T __swsetup_r
00110b98 000001c8 t quorem
00110d60 000012ec T _dtoa_r
0011204c 00000270 T __sflush_r
001122bc 00000094 T _fflush_r
00112350 00000078 t std
001123c8 0000000c T _cleanup_r
001123d4 0000008c T __sinit
00112460 0000000c T __sfp_lock_acquire
0011246c 0000000c T __sfp_lock_release
00112478 000000f8 T _malloc_trim_r
00112570 000002e4 T _free_r
00112854 000004a4 T __sfvwrite_r
00112cf8 00000080 T _fwalk_reent
00112d78 00000008 T iswspace
00112d80 0000000c T _localeconv_r
00112d8c 00000010 T __locale_mb_cur_max
00112d9c 00000094 T __swhatbuf_r
00112e30 000000f4 T __smakebuf_r
00112f24 00000060 T _mbrtowc_r
00112f84 000002fc T __utf8_mbtowc
00113280 00000154 T memmove
001133d4 00000088 T _Balloc
0011345c 0000001c T _Bfree
00113478 000000e0 T __multadd
00113558 000000e4 T __s2b
0011363c 00000058 T __hi0bits
00113694 0000009c T __lo0bits
00113730 00000020 T __i2b
00113750 000001c4 T __multiply
00113914 00000100 T __pow5mult
00113a14 000000f4 T __lshift
00113b08 0000005c T __mcmp
00113b64 00000168 T __mdiff
00113ccc 00000074 T __ulp
00113d40 000000d4 T __b2d
00113e14 00000100 T __d2b
00113f14 00000084 T __ratio
00113f98 0000006c T __copybits
00114004 00000078 T __any_on
0011407c 00000020 T realloc
0011409c 000004bc T _realloc_r
00114558 000000cc T __sccl
00114624 0000000c T nanf
00114630 000000a8 T frexp
001146d8 00000064 T sprintf
0011473c 00000100 T stpncpy
0011483c 00000180 T strchr
001149bc 0000010c T strncmp
00114ac8 00000054 t sulp
00114b20 000013c4 T _strtod_l
00115ee4 0000000c T _strtod_r
00115ef0 0000025c t _strtoll_l.isra.0
0011614c 00000004 T _strtoll_r
00116150 000001bc t _strtol_l.isra.0
0011630c 00000004 T _strtol_r
00116310 0000025c t _strtoull_l.isra.0
0011656c 00000004 T _strtoull_r
00116570 000001d0 t _strtoul_l.isra.0
00116740 00000004 T _strtoul_r
00116744 00000188 T __ssprint_r
001168cc 000000e4 T _sungetc_r
001169b0 0000006c T __ssrefill_r
00116a1c 000000c8 T _sfread_r
00116ae4 00000620 t get_arg
00117108 000035c0 T _svfprintf_r
0011a6c8 000000a4 T __submore
0011a76c 00000184 T _wcsnrtombs_l
0011a8f0 0000004c T _wcsnrtombs_r
0011a93c 000000e8 T __utf8_wctomb
0011aa24 00000094 T _calloc_r
0011aab8 00000160 T _fclose_r
0011ac18 000000ec t rshift
0011ad04 00000828 T __gethex
0011b52c 00000060 T __match
0011b58c 00000254 T __hexnan
0011b7e0 0000003c T iswspace_l
0011b81c 000001e0 t __jp2uc
0011b9fc 00000094 T _jp2uc_l
0011ba90 00000010 T nan
0011baa0 00000084 T category
0011bb24 00000008 t null_write
0011bb2c 00000018 T setDefaultDevice
0011bb44 000000c8 T FindDevice
0011bc0c 00000028 T RemoveDevice
0011bc34 0000009c T AddDevice
0011bcd0 00000084 T _close_r
0011bd54 00000074 T _fstat_r
0011bdc8 00000008 T _isatty_r
0011bdd0 00000084 T _lseek_r
0011be54 00000080 T _read_r
0011bed4 00000070 T _sbrk_r
0011bf44 00000080 T _write_r
0011bfc4 000001cc T _concatenate_path
0011c190 0000015c T chdir
0011c2ec 00000008 T __flockfile
0011c2f4 00000008 T __funlockfile
0011c2fc 00000018 T __libc_lock_acquire
0011c314 00000018 T __libc_lock_release
0011c32c 00000018 T __libc_lock_init_recursive
0011c344 00000018 T __libc_lock_acquire_recursive
0011c35c 00000018 T __libc_lock_release_recursive
0011c374 00000018 T __libc_lock_close_recursive
0011c38c 0000008c T __release_handle
0011c418 00000018 T __get_handle
0011c430 00000028 T __getreent
0011c458 00000044 T strrchr
0011c49c T _fini
0011d000 R default_font_bin
0011d800 R default_font_bin_end
0011d800 R default_font_bin_size
0011daac 00000030 r colorTable
0011db30 00000070 r dotab_stdout
0011dbb0 00000014 r CSWTCH.56
0011dbc4 00000008 r framebufferInfoSt
0011dc24 00000030 r error_table
0011dc74 00000022 r basefix.8784
0011dcd4 00000010 r blanks.8755
0011dce4 00000010 r zeroes.8756
0011dcf4 00000101 R _ctype_
0011de08 r .LC2
0011de58 00000028 R __mprec_bigtens
0011de80 000000c8 R __mprec_tens
0011df48 0000000c r p05.7474
0011df64 00000014 r fpi.7554
0011df78 00000014 r fpinan.7590
0011df90 00000028 r tinytens
0011dfb8 0000006c R __action_table
0011e024 00000100 R __chclass
0011e124 0000006c R __state_table
0011e190 00000010 r blanks.8740
0011e1a0 00000010 r zeroes.8741
0011e1b0 00000100 R __hexdig
0011e2c4 000000bc r a1
0011e380 000000bc r a2
0011e43c 0000005b r a3
0011e498 00000070 r a6
0011e508 000000a2 r a7
0011e5ac 00000040 r a8
0011e5ec 0000172a r b02cf
0011fd18 00001a7c r d02f4
00121794 0000000c R _C_numeric_locale
001217a0 0000309c r categories
00124844 00000070 R dotab_stdnull
001248b4 00000003 R DIRECTORY_PARENT
001248b8 r 
001248b8 R __exidx_end
001248b8 R __exidx_start
00125000 W __stacksize__
00125004 00000004 D currentConsole
00125008 0000004c D defaultConsole
00125054 00000001 d firstConsoleInit.8423
00125055 00000001 d botFormat
00125058 00000008 d doubleBuf
00125060 00000001 d topFormat
00125064 00000004 d gspLastEvent
00125068 00000004 d aptFlags
0012506c 00000004 V __ctru_linear_heap_size
00125070 00000401 d __cwd
00125474 00000070 d sdmc_devoptab
001254e4 00000004 D _impure_ptr
001254e8 00000460 d impure_data
00125948 00000408 D __malloc_av_
00125d50 00000004 D __malloc_sbrk_base
00125d54 00000004 D __malloc_trim_threshold
00125d58 0000000c d __malloc_recursive_mutex
00125d64 0000000c d __sfp_recursive_mutex
00125d70 0000000c d __sinit_recursive_mutex
00125d7c 0000016c D __global_locale
00125ee8 00000002 d numempty
00125eec 00000004 d defaultDevice
00125ef0 0000008c D devoptab_list
00125f7c 00000400 d _current_working_directory
0012637c 00000004 d __hndl_lock
00126380 0000000c d __stderr_handle
0012638c 0000000c d __stdin_handle
00126398 0000000c d __stdout_handle
001263a4 00001000 d handles
001273a4 D __TMC_END__
001273a4 d __TMC_LIST__
001273a4 t __frame_dummy_init_array_entry
001273a4 T __init_array_start
001273a4 B __preinit_array_end
001273a4 B __preinit_array_start
001273a4 D __tdata_lma
001273a4 D __tdata_lma_end
001273a8 t __do_global_dtors_aux_fini_array_entry
001273a8 T __fini_array_start
001273a8 T __init_array_end
001273ac T __bss_start__
001273ac T __fini_array_end
001273ac b saved_stack
001273b4 b completed.10351
001273b8 b object.10356
001273d0 00000002 b currentBuffer
001273d2 00000001 b enable3d
001273d4 00000004 b screenAlloc
001273d8 00000004 b screenFree
001273dc 00000004 b gspEvent
001273e0 0000001c b gspEventCb
001273fc 0000001c b gspEventCbData
00127418 00000007 b gspEventCbOneShot
00127420 0000001c b gspEventCounts
0012743c 00000004 b gspEventData
00127440 00000004 b gspEventThread
00127444 00000038 b gspEvents
0012747c 00000004 b gspRefCount
00127480 00000001 b gspRunEvents
00127481 00000001 b aptChainloadMediatype
00127488 00000008 b aptChainloadTid
00127490 00000004 b aptEventHandlerThread
00127494 0000000c b aptEvents
001274a0 0000000c b aptFirstHook
001274ac 00000001 b aptHomeButtonState
001274b0 00000004 b aptLockHandle
001274b4 00000004 b aptMessageFunc
001274b8 00000004 b aptMessageFuncData
001274bc 00001000 b aptParameters
001284bc 00000004 b aptRefCount
001284c0 00000008 b aptSleepEvent
001284c8 00000001 b flagInit.8274
001284c9 00000001 b flagValue.8275
001284cc 00000004 b serviceName.7913
001284d0 00000006 b aVec
001284d8 00000004 b cPos
001284dc 00000006 b gRate
001284e4 00000004 b hidRefCount
001284e8 00000004 b kDown
001284ec 00000004 b kHeld
001284f0 00000004 b kOld
001284f4 00000004 b kUp
001284f8 00000004 b tPos
001284fc 00000004 V __ctru_heap_size
00128500 0000000c b sAddrMap
0012850c 00000008 b sVramPool
00128514 00000008 b sMappablePool
0012851c 0000000c b sAddrMap
00128528 00000008 b sLinearPool
00128530 0000000c b sAddrMap
0012853c 00000004 b arbiter
00128540 00000001 V __ctru_speedup
00128544 00000004 b srvHandle
00128548 00000004 b srvRefCount
0012854c 00000004 b csPos
00128550 00000004 b irrstRefCount
00128554 00000004 b kHeld
00128558 00000004 b srvPmHandle
0012855c 00000004 b ptmSysmHandle
00128560 00000004 b ptmSysmRefCount
00128568 00000008 b sdmcArchive
00128570 00000001 b sdmcInitialised
00128578 00000080 b fsExemptArchives
001285f8 00000004 b fsuHandle
001285fc 00000004 b fsuRefCount
00128600 00000028 B __malloc_current_mallinfo
00128628 00000004 B __malloc_max_sbrked_mem
0012862c 00000004 B __malloc_max_total_mem
00128630 00000004 B __malloc_top_pad
00128634 00000004 b heap_start.7414
00128638 00000004 B fake_heap_end
0012863c 00000004 B fake_heap_start
00128640 00000400 b temp_cwd
00128a40 00000048 B __syscalls
00128a88 0000004c B currentCopy
00128ad4 00000008 B gfxBottomFramebuffers
00128adc 00000004 B gspSharedMemHandle
00128ae0 0000001c B bottomFramebufferInfo
00128afc 00000004 B gspEvent
00128b00 00000008 B gfxTopLeftFramebuffers
00128b08 00000008 B gfxTopRightFramebuffers
00128b10 0000001c B topFramebufferInfo
00128b2c 00000001 B gfxThreadID
00128b30 00000004 B gfxSharedMemory
00128b34 00000004 B gfxTopFramebufferMaxSize
00128b38 00000004 B gfxBottomFramebufferMaxSize
00128b3c 00000004 B gxCmdBuf
00128b40 00000004 B gspGpuHandle
00128b44 00000004 B hidMemHandle
00128b48 00000004 B hidHandle
00128b4c 00000004 B hidSharedMem
00128b50 00000014 B hidEvents
00128b64 00000004 B __system_retAddr
00128b68 00000004 B __ctru_linear_heap
00128b6c 00000004 B __ctru_heap
00128b70 00000004 B __system_argv
00128b74 00000004 B __system_argc
00128b78 00000004 B irrstHandle
00128b7c 00000004 B irrstEvent
00128b80 00000004 B irrstMemHandle
00128b84 00000004 B irrstSharedMem
00128b88 B __tls_start
00129f94 B __bss_end__
00129f94 A __end__
00129f94 B __tls_end
